<?xml version="1.0" encoding="UTF-8"?>
<testng-results ignored="0" total="1" passed="1" failed="0" skipped="0">
  <reporter-output>
  </reporter-output>
  <suite started-at="2021-05-30T06:47:01 PDT" name="Default suite" finished-at="2021-05-30T06:47:24 PDT" duration-ms="22337">
    <groups>
    </groups>
    <test started-at="2021-05-30T06:47:01 PDT" name="Default test" finished-at="2021-05-30T06:47:24 PDT" duration-ms="22337">
      <class name="Testcases.MainLogin">
        <test-method signature="login()[pri:0, instance:Testcases.MainLogin@7a675056]" started-at="2021-05-30T06:47:01 PDT" name="login" finished-at="2021-05-30T06:47:24 PDT" duration-ms="22301" status="PASS">
          <reporter-output>
          </reporter-output>
        </test-method> <!-- login -->
      </class> <!-- Testcases.MainLogin -->
    </test> <!-- Default test -->
  </suite> <!-- Default suite -->
</testng-results>
